<?xml version="1.0" encoding="UTF-8"?>

<beans xmlns="http://www.springframework.org/schema/beans"
    xmlns:xsi="http://www.w3.org/2001/XMLSchema-instance"
    xmlns:jdbc="http://www.springframework.org/schema/jdbc"
    xsi:schemaLocation="
    http://www.springframework.org/schema/beans http://www.springframework.org/schema/beans/spring-beans-3.0.xsd
    http://www.springframework.org/schema/jdbc http://www.springframework.org/schema/jdbc/spring-jdbc-3.0.xsd "> 

  <!-- embedded h2 db -->
  <jdbc:embedded-database id="dataSource" type="H2">
    <jdbc:script location="classpath:test-topper.sql"/>
  </jdbc:embedded-database>


  <!-- uncomment for a pure database. mysql/postgresql needs to be running -->
  <!--  
  <bean id="dataSource" destroy-method="close" class="org.apache.commons.dbcp.BasicDataSource">
	<property name="driverClassName" value="${jdbc.driverClassName}"/>
	<property name="url" value="${jdbc.url}"/>
	<property name="username" value="${jdbc.username}"/>
	<property name="password" value="${jdbc.password}"/>
  </bean>
    
  <bean class="org.springframework.beans.factory.config.PropertyPlaceholderConfigurer">
	<property name="locations">
	  <value>classpath:jdbc.properties</value>
	</property>
  </bean>
  -->
  
</beans>